  speech.cpp
D:\guongcwj\vs\c++\c++ 2023.4.12\speech.cpp(211,29): warning C4267: “=”: 从“size_t”转换到“int”，可能丢失数据
D:\vs\VC\Tools\MSVC\14.34.31933\include\numeric(34,26): warning C4244: “=”: 从“double”转换到“_Ty”，可能丢失数据
          with
          [
              _Ty=int
          ]
D:\vs\VC\Tools\MSVC\14.34.31933\include\numeric(41,89): message : 查看对正在编译的函数 模板 实例化“_Ty std::accumulate<_InIt,_Ty,std::plus<void>>(const _InIt,const _InIt,_Ty,_Fn)”的引用
          with
          [
              _Ty=int,
              _InIt=std::_Deque_iterator<std::_Deque_val<std::_Deque_simple_types<double>>>,
              _Fn=std::plus<void>
          ]
D:\guongcwj\vs\c++\c++ 2023.4.12\speech.cpp(105,48): message : 查看对正在编译的函数 模板 实例化“_Ty std::accumulate<std::_Deque_iterator<std::_Deque_val<std::_Deque_simple_types<double>>>,int>(const _InIt,const _InIt,_Ty)”的引用
          with
          [
              _Ty=int,
              _InIt=std::_Deque_iterator<std::_Deque_val<std::_Deque_simple_types<double>>>
          ]
  c++ 2023.4.12.vcxproj -> D:\guongcwj\vs\c++\c++ 2023.4.12\x64\Debug\c++ 2023.4.12.exe
