  speechcontest.cpp
D:\guongcwj\vs\c++\c++ 2023.4.9\speech.hpp(195,46): warning C4244: “参数”: 从“double”转换到“int”，可能丢失数据
D:\vs\VC\Tools\MSVC\14.34.31933\include\numeric(34,26): warning C4244: “=”: 从“double”转换到“_Ty”，可能丢失数据
          with
          [
              _Ty=int
          ]
D:\vs\VC\Tools\MSVC\14.34.31933\include\numeric(41,89): message : 查看对正在编译的函数 模板 实例化“_Ty std::accumulate<_InIt,_Ty,std::plus<void>>(const _InIt,const _InIt,_Ty,_Fn)”的引用
          with
          [
              _Ty=int,
              _InIt=std::_Deque_iterator<std::_Deque_val<std::_Deque_simple_types<double>>>,
              _Fn=std::plus<void>
          ]
D:\guongcwj\vs\c++\c++ 2023.4.9\speech.hpp(212,50): message : 查看对正在编译的函数 模板 实例化“_Ty std::accumulate<std::_Deque_iterator<std::_Deque_val<std::_Deque_simple_types<double>>>,int>(const _InIt,const _InIt,_Ty)”的引用
          with
          [
              _Ty=int,
              _InIt=std::_Deque_iterator<std::_Deque_val<std::_Deque_simple_types<double>>>
          ]
  正在生成代码
  Previous IPDB not found, fall back to full compilation.
  All 472 functions were compiled because no usable IPDB/IOBJ from previous compilation was found.
  已完成代码的生成
  c++ 2023.4.9.vcxproj -> D:\guongcwj\vs\c++\c++ 2023.4.9\Release\c++ 2023.4.9.exe
